<?xml version="1.0" encoding="UTF-8"?>
<testsuite xmlns:xsi="http://www.w3.org/2001/XMLSchema-instance" xsi:noNamespaceSchemaLocation="https://maven.apache.org/surefire/maven-surefire-plugin/xsd/surefire-test-report.xsd" name="org.apache.nifi.processors.ngsi.TestNGSIToPostgreSQL" time="0.209" tests="13" errors="0" skipped="0" failures="0">
  <properties>
[...]
</properties>
  <testcase name="testBuildTableNameRootServicePathDataModelByServicePathNewEncoding" classname="org.apache.nifi.processors.ngsi.TestNGSIToPostgreSQL" time="0.152"/>
  <testcase name="testBuildTableNameNonRootServicePathDataModelByEntityNewEncoding" classname="org.apache.nifi.processors.ngsi.TestNGSIToPostgreSQL" time="0"/>
  <testcase name="testBuildTableNameNonRootServicePathDataModelByServicePathOldEncoding" classname="org.apache.nifi.processors.ngsi.TestNGSIToPostgreSQL" time="0.001"/>
  <testcase name="testBuildTableNameRootServicePathDataModelByEntityNewEncoding" classname="org.apache.nifi.processors.ngsi.TestNGSIToPostgreSQL" time="0.001"/>
  <testcase name="testBuildTableNameRootServicePathDataModelByServicePathOldEncoding" classname="org.apache.nifi.processors.ngsi.TestNGSIToPostgreSQL" time="0.001"/>
  <testcase name="testBuildTableNameNonRootServicePathDataModelByEntityOldEncoding" classname="org.apache.nifi.processors.ngsi.TestNGSIToPostgreSQL" time="0.001"/>
  <testcase name="testBuildTableNameRootServicePathDataModelByEntityOldEncoding" classname="org.apache.nifi.processors.ngsi.TestNGSIToPostgreSQL" time="0.002"/>
  <testcase name="testBuildDBNameNewEncoding" classname="org.apache.nifi.processors.ngsi.TestNGSIToPostgreSQL" time="0.001"/>
  <testcase name="testBuildSchemaNameLength" classname="org.apache.nifi.processors.ngsi.TestNGSIToPostgreSQL" time="0.001"/>
  <testcase name="testBuildDBNameOldEncoding" classname="org.apache.nifi.processors.ngsi.TestNGSIToPostgreSQL" time="0.001"/>
  <testcase name="testBuildTableNameLengthDataModelByServicePath" classname="org.apache.nifi.processors.ngsi.TestNGSIToPostgreSQL" time="0.001"/>
  <testcase name="testBuildTableNameLengthDataModelByEntity" classname="org.apache.nifi.processors.ngsi.TestNGSIToPostgreSQL" time="0"/>
  <testcase name="testBuildTableNameNonRootServicePathDataModelByServicePathNewEncoding" classname="org.apache.nifi.processors.ngsi.TestNGSIToPostgreSQL" time="0.001"/>
</testsuite>